(c) Copyright IBM Corporation 1993,2007
Command Line Processor for DB2 Client 11.5.4.0

You can issue database manager commands and SQL statements from the command 
prompt. For example:
    db2 => connect to sample
    db2 => bind sample.bnd

For general help, type: ?.
For command help, type: ? command, where command can be
the first few keywords of a database manager command. For example:
 ? CATALOG DATABASE for help on the CATALOG DATABASE command
 ? CATALOG          for help on all of the CATALOG commands.

To exit db2 interactive mode, type QUIT at the command prompt. Outside 
interactive mode, all commands must be prefixed with 'db2'.
To list the current command option settings, type LIST COMMAND OPTIONS.

For more detailed help, refer to the Online Reference Manual.

db2 => db2 => db2 => db2 => db2 => CONNECT TO cs421

   Database Connection Information

 Database server        = DB2/LINUXX8664 11.5.4.0
 SQL authorization ID   = MMAGRI1
 Local database alias   = CS421


db2 => db2 => db2 => db2 => db2 => db2 => db2 => db2 => db2 (cont.) => db2 (cont.) => db2 (cont.) => db2 (cont.) => db2 (cont.) => db2 (cont.) => db2 (cont.) => db2 (cont.) => db2 (cont.) => db2 (cont.) => db2 (cont.) => CREATE TABLE Parent ( QcHealthCard CHAR(12) NOT NULL, PhoneNumber CHAR(10) NOT NULL, Name VARCHAR(50) NOT NULL, BloodType VARCHAR(3), DateOfBirth DATE NOT NULL, Address VARCHAR(50) NOT NULL, CurrentProfession VARCHAR(50), Email VARCHAR(50) NOT NULL UNIQUE, PRIMARY KEY (QcHealthCard) )
DB20000I  The SQL command completed successfully.

db2 => db2 => db2 (cont.) => db2 (cont.) => db2 (cont.) => db2 (cont.) => db2 (cont.) => db2 (cont.) => db2 (cont.) => db2 (cont.) => db2 (cont.) => db2 (cont.) => db2 (cont.) => CREATE TABLE BiologicalDad ( QcHealthCard CHAR(12) NOT NULL, PhoneNumber CHAR(10) NOT NULL UNIQUE, Name VARCHAR(50) NOT NULL, BloodType VARCHAR(3), DateOfBirth DATE NOT NULL, Address VARCHAR(50) NOT NULL UNIQUE, CurrentProfession VARCHAR(50), Email VARCHAR(50) NOT NULL UNIQUE, PRIMARY KEY (QcHealthCard) )
DB20000I  The SQL command completed successfully.

db2 => db2 => db2 (cont.) => db2 (cont.) => db2 (cont.) => db2 (cont.) => db2 (cont.) => db2 (cont.) => db2 (cont.) => db2 (cont.) => db2 (cont.) => db2 (cont.) => db2 (cont.) => db2 (cont.) => db2 (cont.) => CREATE TABLE BiologicalMom ( QcHealthCard CHAR(12) NOT NULL, PhoneNumber CHAR(10) NOT NULL UNIQUE, Name VARCHAR(50) NOT NULL, BloodType VARCHAR(3), DateOfBirth DATE NOT NULL, Address VARCHAR(50) NOT NULL UNIQUE, CurrentProfession VARCHAR(50), Email VARCHAR(50) NOT NULL UNIQUE, TotalNumberOfPregs INT, CurrentPregNumber INT, PRIMARY KEY (QcHealthCard) )
DB20000I  The SQL command completed successfully.

db2 => db2 => db2 (cont.) => db2 (cont.) => db2 (cont.) => db2 (cont.) => db2 (cont.) => db2 (cont.) => db2 (cont.) => CREATE TABLE HCInstitution( InstName VARCHAR(50) NOT NULL, PhoneNumber CHAR(10) NOT NULL UNIQUE, Email VARCHAR(50) NOT NULL UNIQUE, Address VARCHAR(50) NOT NULL UNIQUE, Website VARCHAR(50) NOT NULL UNIQUE, PRIMARY KEY (InstName) )
DB20000I  The SQL command completed successfully.

db2 => db2 => db2 (cont.) => db2 (cont.) => db2 (cont.) => db2 (cont.) => db2 (cont.) => CREATE TABLE CommClinic( InstName VARCHAR(50) NOT NULL, PRIMARY KEY (InstName), FOREIGN KEY (InstName) REFERENCES HCInstitution )
DB20000I  The SQL command completed successfully.

db2 => db2 => db2 (cont.) => db2 (cont.) => db2 (cont.) => db2 (cont.) => db2 (cont.) => CREATE TABLE BirthCenter( InstName VARCHAR(50) NOT NULL, PRIMARY KEY (InstName), FOREIGN KEY (InstName) REFERENCES HCInstitution )
DB20000I  The SQL command completed successfully.

db2 => db2 => db2 (cont.) => db2 (cont.) => db2 (cont.) => db2 (cont.) => db2 (cont.) => db2 (cont.) => db2 (cont.) => db2 (cont.) => db2 (cont.) => db2 (cont.) => db2 (cont.) => db2 (cont.) => db2 (cont.) => db2 (cont.) => CREATE TABLE Couple ( CoupleID INT NOT NULL, IsInterestedInProgram VARCHAR(5), IsInvited VARCHAR(5), InfoSessionsAttended INT, ExpectedTimeFrameOfBirth DATE, QcHealthCardMom CHAR(12) NOT NULL, QcHealthCardDad CHAR(12), InstName VARCHAR(50), PRIMARY KEY (CoupleID), FOREIGN KEY (QcHealthCardMom) REFERENCES BiologicalMom, FOREIGN KEY (QcHealthCardDad) REFERENCES BiologicalDad, FOREIGN KEY (InstName) REFERENCES HCInstitution )
DB20000I  The SQL command completed successfully.

db2 => db2 => db2 (cont.) => db2 (cont.) => db2 (cont.) => db2 (cont.) => db2 (cont.) => db2 (cont.) => db2 (cont.) => db2 (cont.) => db2 (cont.) => CREATE TABLE Midwife( PractitionerID INT NOT NULL, Name VARCHAR(50) NOT NULL, Email VARCHAR(50) NOT NULL UNIQUE, PhoneNumber CHAR(10) NOT NULL UNIQUE, InstName VARCHAR(50) NOT NULL, PRIMARY KEY (PractitionerID), FOREIGN KEY (InstName) REFERENCES HCInstitution )
DB20000I  The SQL command completed successfully.

db2 => db2 => db2 (cont.) => db2 (cont.) => db2 (cont.) => db2 (cont.) => db2 (cont.) => db2 (cont.) => db2 (cont.) => CREATE TABLE Backups( PrimaryMidwife INT NOT NULL, BackupMidwife INT NOT NULL, PRIMARY KEY (PrimaryMidwife, BackupMidwife), FOREIGN KEY (PrimaryMidwife) REFERENCES Midwife, FOREIGN KEY (BackupMidwife) REFERENCES Midwife )
DB20000I  The SQL command completed successfully.

db2 => db2 => db2 (cont.) => db2 (cont.) => db2 (cont.) => db2 (cont.) => db2 (cont.) => db2 (cont.) => db2 (cont.) => db2 (cont.) => db2 (cont.) => db2 (cont.) => db2 (cont.) => db2 (cont.) => db2 (cont.) => db2 (cont.) => db2 (cont.) => CREATE TABLE Pregnancy ( PregnancyID INT NOT NULL, PregNum INT, FinalEstimatedDate DATE, LastMenstruelPDate DATE, LocationOfBirth VARCHAR(50), UltraSoundDueDate DATE, NumberOfBabies INT, CoupleID INT NOT NULL, InstName VARCHAR(50), PRIMARY KEY (PregnancyID), FOREIGN KEY (LocationOfBirth) REFERENCES BirthCenter, FOREIGN KEY (InstName) REFERENCES HCInstitution, FOREIGN KEY (CoupleID) REFERENCES Couple )
DB20000I  The SQL command completed successfully.

db2 => db2 => db2 (cont.) => db2 (cont.) => db2 (cont.) => db2 (cont.) => db2 (cont.) => db2 (cont.) => db2 (cont.) => db2 (cont.) => db2 (cont.) => db2 (cont.) => db2 (cont.) => db2 (cont.) => CREATE TABLE Baby ( BabyID INT NOT NULL, Gender CHAR(1), Name VARCHAR(50), HealthStatus VARCHAR(200), BloodType VARCHAR(3), DateOfBirth DATE, TimeOfBirth TIME, PregnancyID INT NOT NULL, PRIMARY KEY (BabyID), FOREIGN KEY (PregnancyID) REFERENCES Pregnancy )
DB20000I  The SQL command completed successfully.

db2 => db2 => db2 (cont.) => db2 (cont.) => db2 (cont.) => db2 (cont.) => db2 (cont.) => db2 (cont.) => db2 (cont.) => CREATE TABLE Supervises( PractitionerID INT NOT NULL, PregnancyID INT NOT NULL, PRIMARY KEY (PractitionerID, PregnancyID), FOREIGN KEY (PractitionerID) REFERENCES Midwife, FOREIGN KEY (PregnancyID) REFERENCES Pregnancy )
DB20000I  The SQL command completed successfully.

db2 => db2 => db2 (cont.) => db2 (cont.) => db2 (cont.) => db2 (cont.) => db2 (cont.) => db2 (cont.) => db2 (cont.) => db2 (cont.) => db2 (cont.) => CREATE TABLE OnlineInfoSession( PractitionerID INT NOT NULL, Date DATE NOT NULL, Time TIME NOT NULL, Language VARCHAR(10) NOT NULL, CouplesAttendance INT, PRIMARY KEY (PractitionerID, Date, Time), FOREIGN KEY (PractitionerID) REFERENCES Midwife )
DB20000I  The SQL command completed successfully.

db2 => db2 => db2 (cont.) => db2 (cont.) => db2 (cont.) => db2 (cont.) => db2 (cont.) => db2 (cont.) => db2 (cont.) => db2 (cont.) => db2 (cont.) => db2 (cont.) => db2 (cont.) => CREATE TABLE Attends( CoupleID INT NOT NULL, PractitionerID INT NOT NULL, Date DATE NOT NULL, Time TIME NOT NULL, HasAttended VARCHAR(5), IsRegistered VARCHAR(5), PRIMARY KEY (CoupleID, PractitionerID, Date, Time), FOREIGN KEY (CoupleID) REFERENCES Couple, FOREIGN KEY (PractitionerID, Date, Time) REFERENCES OnlineInfoSession )
DB20000I  The SQL command completed successfully.

db2 => db2 => db2 (cont.) => db2 (cont.) => db2 (cont.) => db2 (cont.) => db2 (cont.) => db2 (cont.) => db2 (cont.) => db2 (cont.) => db2 (cont.) => db2 (cont.) => CREATE TABLE Appointment ( AppointmentID INT NOT NULL, Date DATE, Time TIME, PractitionerID INT NOT NULL, PregnancyID INT NOT NULL, PRIMARY KEY (AppointmentID), FOREIGN KEY (PractitionerID) REFERENCES Midwife, FOREIGN KEY (PregnancyID) REFERENCES Pregnancy )
DB20000I  The SQL command completed successfully.

db2 => db2 => db2 (cont.) => db2 (cont.) => db2 (cont.) => db2 (cont.) => db2 (cont.) => db2 (cont.) => db2 (cont.) => db2 (cont.) => CREATE TABLE Note ( AppointmentID INT NOT NULL, Date DATE NOT NULL, Time TIME NOT NULL, Observation VARCHAR(255), PRIMARY KEY (AppointmentID, Date, Time), FOREIGN KEY (AppointmentID) REFERENCES Appointment )
DB20000I  The SQL command completed successfully.

db2 => db2 => db2 (cont.) => db2 (cont.) => db2 (cont.) => db2 (cont.) => db2 (cont.) => db2 (cont.) => CREATE TABLE Technician ( TechnicianID INT NOT NULL, Name VARCHAR(50) NOT NULL, PhoneNumber CHAR(10) NOT NULL UNIQUE, PRIMARY KEY (TechnicianID) )
DB20000I  The SQL command completed successfully.

db2 => db2 => db2 (cont.) => db2 (cont.) => db2 (cont.) => db2 (cont.) => db2 (cont.) => db2 (cont.) => CREATE TABLE Lab ( LabName VARCHAR(50) NOT NULL, NumberOfTests INT, LabAddress VARCHAR(50), PRIMARY KEY (LabName) )
DB20000I  The SQL command completed successfully.

db2 => db2 => db2 (cont.) => db2 (cont.) => db2 (cont.) => db2 (cont.) => db2 (cont.) => db2 (cont.) => db2 (cont.) => db2 (cont.) => db2 (cont.) => db2 (cont.) => db2 (cont.) => db2 (cont.) => db2 (cont.) => db2 (cont.) => db2 (cont.) => db2 (cont.) => db2 (cont.) => db2 (cont.) => db2 (cont.) => CREATE TABLE MedicalTests ( TestID INT NOT NULL, TestResult VARCHAR(10), TestType VARCHAR(10), DateLabWorkWasDone DATE, DateTestWasPrescribed DATE, DateSampleWasTaken DATE, TechnicianID INT NOT NULL, LabName VARCHAR(50) NOT NULL, PractitionerID INT NOT NULL, BabyID INT, PregnancyID INT, PRIMARY KEY (TestID), FOREIGN KEY (TechnicianID) REFERENCES Technician, FOREIGN KEY (LabName) REFERENCES Lab, FOREIGN KEY (PractitionerID) REFERENCES Midwife, FOREIGN KEY (BabyID) REFERENCES Baby, FOREIGN KEY (PregnancyID) REFERENCES Pregnancy )
DB20000I  The SQL command completed successfully.

db2 => db2 => 