(c) Copyright IBM Corporation 1993,2007
Command Line Processor for DB2 Client 11.5.4.0

You can issue database manager commands and SQL statements from the command 
prompt. For example:
    db2 => connect to sample
    db2 => bind sample.bnd

For general help, type: ?.
For command help, type: ? command, where command can be
the first few keywords of a database manager command. For example:
 ? CATALOG DATABASE for help on the CATALOG DATABASE command
 ? CATALOG          for help on all of the CATALOG commands.

To exit db2 interactive mode, type QUIT at the command prompt. Outside 
interactive mode, all commands must be prefixed with 'db2'.
To list the current command option settings, type LIST COMMAND OPTIONS.

For more detailed help, refer to the Online Reference Manual.

db2 => db2 => db2 => db2 => db2 => CONNECT TO cs421

   Database Connection Information

 Database server        = DB2/LINUXX8664 11.5.4.0
 SQL authorization ID   = MMAGRI1
 Local database alias   = CS421


db2 => db2 => db2 => db2 => db2 => db2 => db2 => db2 => DROP TABLE MedicalTests
DB20000I  The SQL command completed successfully.

db2 => db2 => DROP TABLE Technician
DB20000I  The SQL command completed successfully.

db2 => db2 => DROP TABLE Lab
DB20000I  The SQL command completed successfully.

db2 => db2 => DROP TABLE Baby
DB20000I  The SQL command completed successfully.

db2 => db2 => DROP TABLE Supervises
DB20000I  The SQL command completed successfully.

db2 => db2 => DROP TABLE Attends
DB20000I  The SQL command completed successfully.

db2 => db2 => DROP TABLE Backups
DB20000I  The SQL command completed successfully.

db2 => db2 => DROP TABLE Note
DB20000I  The SQL command completed successfully.

db2 => db2 => DROP TABLE Appointment
DB20000I  The SQL command completed successfully.

db2 => db2 => DROP TABLE OnlineInfoSession
DB20000I  The SQL command completed successfully.

db2 => db2 => DROP TABLE CommClinic
DB20000I  The SQL command completed successfully.

db2 => db2 => DROP TABLE Parent
DB20000I  The SQL command completed successfully.

db2 => db2 => DROP TABLE Pregnancy
DB20000I  The SQL command completed successfully.

db2 => db2 => DROP TABLE Midwife
DB20000I  The SQL command completed successfully.

db2 => db2 => DROP TABLE Couple
DB20000I  The SQL command completed successfully.

db2 => db2 => DROP TABLE BiologicalDad
DB20000I  The SQL command completed successfully.

db2 => db2 => DROP TABLE BiologicalMom
DB20000I  The SQL command completed successfully.

db2 => db2 => DROP TABLE BirthCenter
DB20000I  The SQL command completed successfully.

db2 => db2 => DROP TABLE HCInstitution
DB20000I  The SQL command completed successfully.

db2 => 